[0.029s] Invoking command in '/home/ubuntu/git/rs2/build/rs2': CMAKE_PREFIX_PATH=${CMAKE_PREFIX_PATH}:/opt/ros/humble /usr/bin/cmake --build /home/ubuntu/git/rs2/build/rs2 -- -j3 -l3
[0.245s] [ 20%] [34m[1mAutomatic MOC and UIC for target rs2[0m
[0.340s] [ 20%] Built target rs2_autogen
[0.377s] [35m[1mConsolidate compiler generated dependencies of target rs2[0m
[0.435s] [ 40%] [32mBuilding CXX object CMakeFiles/rs2.dir/src/GUI/GUI.cpp.o[0m
[5.290s] [01m[K/home/ubuntu/git/rs2/src/GUI/GUI.cpp:[m[K In constructor â€˜[01m[KGUI::GUI(std::shared_ptr<rclcpp::Node>, QWidget*)[m[Kâ€™:
[5.291s] [01m[K/home/ubuntu/git/rs2/src/GUI/GUI.cpp:30:5:[m[K [01;31m[Kerror: [m[Kâ€˜[01m[Kdms_pub_[m[Kâ€™ was not declared in this scope
[5.291s]    30 |     [01;31m[Kdms_pub_[m[K = node_->create_publisher<std_msgs::msg::Bool>(
[5.291s]       |     [01;31m[K^~~~~~~~[m[K
[5.303s] [01m[K/home/ubuntu/git/rs2/src/GUI/GUI.cpp:33:5:[m[K [01;31m[Kerror: [m[Kâ€˜[01m[Kturn_pub_[m[Kâ€™ was not declared in this scope
[5.303s]    33 |     [01;31m[Kturn_pub_[m[K = node_->create_publisher<std_msgs::msg::Bool>(
[5.304s]       |     [01;31m[K^~~~~~~~~[m[K
[5.319s] [01m[K/home/ubuntu/git/rs2/src/GUI/GUI.cpp:[m[K In member function â€˜[01m[Kvoid GUI::updateMasterControlStatus(bool)[m[Kâ€™:
[5.319s] [01m[K/home/ubuntu/git/rs2/src/GUI/GUI.cpp:76:9:[m[K [01;31m[Kerror: [m[Kâ€˜[01m[Kdms_pub_[m[Kâ€™ was not declared in this scope
[5.319s]    76 |         [01;31m[Kdms_pub_[m[K->publish(message);
[5.319s]       |         [01;31m[K^~~~~~~~[m[K
[5.337s] [01m[K/home/ubuntu/git/rs2/src/GUI/GUI.cpp:84:9:[m[K [01;31m[Kerror: [m[Kâ€˜[01m[Kdms_pub_[m[Kâ€™ was not declared in this scope
[5.337s]    84 |         [01;31m[Kdms_pub_[m[K->publish(message);
[5.337s]       |         [01;31m[K^~~~~~~~[m[K
[7.831s] gmake[2]: *** [CMakeFiles/rs2.dir/build.make:104: CMakeFiles/rs2.dir/src/GUI/GUI.cpp.o] Error 1
[7.832s] gmake[1]: *** [CMakeFiles/Makefile2:138: CMakeFiles/rs2.dir/all] Error 2
[7.832s] gmake: *** [Makefile:146: all] Error 2
[7.839s] Invoked command in '/home/ubuntu/git/rs2/build/rs2' returned '2': CMAKE_PREFIX_PATH=${CMAKE_PREFIX_PATH}:/opt/ros/humble /usr/bin/cmake --build /home/ubuntu/git/rs2/build/rs2 -- -j3 -l3
