[0.047s] Invoking command in '/home/ubuntu/git/rs2/build/rs2': CMAKE_PREFIX_PATH=/opt/ros/humble /usr/bin/cmake --build /home/ubuntu/git/rs2/build/rs2 -- -j3 -l3
[0.137s] -- Found ament_cmake: 1.3.11 (/opt/ros/humble/share/ament_cmake/cmake)
[0.510s] -- Found rclcpp: 16.0.11 (/opt/ros/humble/share/rclcpp/cmake)
[0.728s] -- Found rosidl_generator_c: 3.1.6 (/opt/ros/humble/share/rosidl_generator_c/cmake)
[0.747s] -- Found rosidl_adapter: 3.1.6 (/opt/ros/humble/share/rosidl_adapter/cmake)
[0.789s] -- Found rosidl_generator_cpp: 3.1.6 (/opt/ros/humble/share/rosidl_generator_cpp/cmake)
[0.843s] -- Using all available rosidl_typesupport_c: rosidl_typesupport_fastrtps_c;rosidl_typesupport_introspection_c
[0.902s] -- Using all available rosidl_typesupport_cpp: rosidl_typesupport_fastrtps_cpp;rosidl_typesupport_introspection_cpp
[1.054s] -- Found rmw_implementation_cmake: 6.1.2 (/opt/ros/humble/share/rmw_implementation_cmake/cmake)
[1.072s] -- Found rmw_fastrtps_cpp: 6.2.7 (/opt/ros/humble/share/rmw_fastrtps_cpp/cmake)
[1.354s] -- Using RMW implementation 'rmw_fastrtps_cpp' as default
[1.756s] -- Configuring done
[1.858s] -- Generating done
[1.868s] -- Build files have been written to: /home/ubuntu/git/rs2/build/rs2
[1.957s] [ 20%] [34m[1mAutomatic MOC and UIC for target rs2[0m
[3.309s] [ 20%] Built target rs2_autogen
[3.336s] [35m[1mConsolidate compiler generated dependencies of target rs2[0m
[3.382s] [ 40%] [32mBuilding CXX object CMakeFiles/rs2.dir/rs2_autogen/mocs_compilation.cpp.o[0m
[3.400s] [ 60%] [32mBuilding CXX object CMakeFiles/rs2.dir/src/GUI/GUI.cpp.o[0m
[3.400s] [ 80%] [32mBuilding CXX object CMakeFiles/rs2.dir/src/main.cpp.o[0m
[6.505s] [01m[K/home/ubuntu/git/rs2/src/main.cpp:[m[K In function â€˜[01m[Kint main(int, char**)[m[Kâ€™:
[6.507s] [01m[K/home/ubuntu/git/rs2/src/main.cpp:17:3:[m[K [01;31m[Kerror: [m[Kâ€˜[01m[KQApplication[m[Kâ€™ was not declared in this scope
[6.507s]    17 |   [01;31m[KQApplication[m[K app(argc, argv);
[6.507s]       |   [01;31m[K^~~~~~~~~~~~[m[K
[6.530s] [01m[K/home/ubuntu/git/rs2/src/main.cpp:20:3:[m[K [01;31m[Kerror: [m[Kâ€˜[01m[KUR3ControlGUI[m[Kâ€™ was not declared in this scope
[6.531s]    20 |   [01;31m[KUR3ControlGUI[m[K gui(node);
[6.531s]       |   [01;31m[K^~~~~~~~~~~~~[m[K
[6.533s] [01m[K/home/ubuntu/git/rs2/src/main.cpp:21:3:[m[K [01;31m[Kerror: [m[Kâ€˜[01m[Kgui[m[Kâ€™ was not declared in this scope
[6.537s]    21 |   [01;31m[Kgui[m[K.show();
[6.538s]       |   [01;31m[K^~~[m[K
[6.538s] [01m[K/home/ubuntu/git/rs2/src/main.cpp:27:16:[m[K [01;31m[Kerror: [m[Kâ€˜[01m[Kapp[m[Kâ€™ was not declared in this scope
[6.538s]    27 |   int result = [01;31m[Kapp[m[K.exec();
[6.538s]       |                [01;31m[K^~~[m[K
[6.539s] [01m[K/home/ubuntu/git/rs2/src/main.cpp:33:7:[m[K [01;31m[Kerror: [m[Kâ€˜[01m[KrosSpinThread[m[Kâ€™ was not declared in this scope
[6.540s]    33 |   if ([01;31m[KrosSpinThread[m[K.joinable()) {
[6.540s]       |       [01;31m[K^~~~~~~~~~~~~[m[K
[7.236s] gmake[2]: *** [CMakeFiles/rs2.dir/build.make:90: CMakeFiles/rs2.dir/src/main.cpp.o] Error 1
[7.237s] gmake[2]: *** Waiting for unfinished jobs....
[7.367s] [01m[K/home/ubuntu/git/rs2/src/GUI/GUI.cpp:[m[K In member function â€˜[01m[Kvoid GUI::setupUI()[m[Kâ€™:
[7.368s] [01m[K/home/ubuntu/git/rs2/src/GUI/GUI.cpp:152:59:[m[K [01;31m[Kerror: [m[Kâ€˜[01m[KUR3ControlGUI[m[Kâ€™ has not been declared
[7.368s]   152 |         connect(homeButton, &QPushButton::clicked, this, &[01;31m[KUR3ControlGUI[m[K::homePosition);
[7.368s]       |                                                           [01;31m[K^~~~~~~~~~~~~[m[K
[7.368s] [01m[K/home/ubuntu/git/rs2/src/GUI/GUI.cpp:153:59:[m[K [01;31m[Kerror: [m[Kâ€˜[01m[KUR3ControlGUI[m[Kâ€™ has not been declared
[7.368s]   153 |         connect(sendButton, &QPushButton::clicked, this, &[01;31m[KUR3ControlGUI[m[K::sendJointPositions);
[7.368s]       |                                                           [01;31m[K^~~~~~~~~~~~~[m[K
[8.966s] gmake[2]: *** [CMakeFiles/rs2.dir/build.make:104: CMakeFiles/rs2.dir/src/GUI/GUI.cpp.o] Error 1
[8.971s] gmake[1]: *** [CMakeFiles/Makefile2:138: CMakeFiles/rs2.dir/all] Error 2
[8.980s] gmake: *** [Makefile:146: all] Error 2
[9.025s] Invoked command in '/home/ubuntu/git/rs2/build/rs2' returned '2': CMAKE_PREFIX_PATH=/opt/ros/humble /usr/bin/cmake --build /home/ubuntu/git/rs2/build/rs2 -- -j3 -l3
