[ 20%] [34m[1mAutomatic MOC and UIC for target rs2[0m
[ 20%] Built target rs2_autogen
[35m[1mConsolidate compiler generated dependencies of target rs2[0m
[ 40%] [32mBuilding CXX object CMakeFiles/rs2.dir/rs2_autogen/mocs_compilation.cpp.o[0m
[ 60%] [32mBuilding CXX object CMakeFiles/rs2.dir/src/GUI/GUI.cpp.o[0m
[ 80%] [32mBuilding CXX object CMakeFiles/rs2.dir/src/main.cpp.o[0m
In file included from [01m[K/home/ubuntu/git/rs2/build/rs2/rs2_autogen/RDKJSLABA2/moc_GUI.cpp:10[m[K,
                 from [01m[K/home/ubuntu/git/rs2/build/rs2/rs2_autogen/mocs_compilation.cpp:2[m[K:
[01m[K/home/ubuntu/git/rs2/build/rs2/rs2_autogen/RDKJSLABA2/../../../../src/GUI/GUI.h:36:19:[m[K [01;31m[Kerror: [m[Kexpected â€˜[01m[K;[m[Kâ€™ at end of member declaration
   36 |     void startGUI([01;31m[K)[m[K
      |                   [01;31m[K^[m[K
      |                    [32m[K;[m[K
In file included from [01m[K/home/ubuntu/git/rs2/src/GUI/GUI.cpp:1[m[K:
[01m[K/home/ubuntu/git/rs2/src/GUI/GUI.h:36:19:[m[K [01;31m[Kerror: [m[Kexpected â€˜[01m[K;[m[Kâ€™ at end of member declaration
   36 |     void startGUI([01;31m[K)[m[K
      |                   [01;31m[K^[m[K
      |                    [32m[K;[m[K
In file included from [01m[K/home/ubuntu/git/rs2/src/main.cpp:6[m[K:
[01m[K/home/ubuntu/git/rs2/src/GUI/GUI.h:36:19:[m[K [01;31m[Kerror: [m[Kexpected â€˜[01m[K;[m[Kâ€™ at end of member declaration
   36 |     void startGUI([01;31m[K)[m[K
      |                   [01;31m[K^[m[K
      |                    [32m[K;[m[K
gmake[2]: *** [CMakeFiles/rs2.dir/build.make:90: CMakeFiles/rs2.dir/src/main.cpp.o] Error 1
gmake[2]: *** Waiting for unfinished jobs....
gmake[2]: *** [CMakeFiles/rs2.dir/build.make:76: CMakeFiles/rs2.dir/rs2_autogen/mocs_compilation.cpp.o] Error 1
gmake[2]: *** [CMakeFiles/rs2.dir/build.make:104: CMakeFiles/rs2.dir/src/GUI/GUI.cpp.o] Error 1
gmake[1]: *** [CMakeFiles/Makefile2:138: CMakeFiles/rs2.dir/all] Error 2
gmake: *** [Makefile:146: all] Error 2
