<?xml version="1.0" encoding="UTF-8"?>
<Site BuildName="(empty)"
	BuildStamp="20250422-0719-Experimental"
	Name="ubuntu-2204"
	Generator="ctest-3.22.1"
	CompilerName="/usr/bin/c++"
	CompilerVersion="11.4.0"
	OSName="Linux"
	Hostname="ubuntu-2204"
	OSRelease="6.8.0-57-generic"
	OSVersion="#59~22.04.1-Ubuntu SMP PREEMPT_DYNAMIC Wed Mar 19 17:07:41 UTC 2"
	OSPlatform="x86_64"
	Is64Bits="1"
	VendorString="AuthenticAMD"
	VendorID="Advanced Micro Devices"
	FamilyID="23"
	ModelID="96"
	ProcessorCacheSize="512"
	NumberOfLogicalCPU="3"
	NumberOfPhysicalCPU="3"
	TotalVirtualMemory="975"
	TotalPhysicalMemory="2966"
	LogicalProcessorsPerPhysical="1"
	ProcessorClockFrequency="2694.84"
	>
	<Testing>
		<StartDateTime>Apr 22 03:19 EDT</StartDateTime>
		<StartTestTime>1745306395</StartTestTime>
		<TestList/>
		<EndDateTime>Apr 22 03:19 EDT</EndDateTime>
		<EndTestTime>1745306395</EndTestTime>
		<ElapsedMinutes>0</ElapsedMinutes>
	</Testing>
</Site>
