[0.042s] Invoking command in '/home/ubuntu/git/rs2/build/rs2': CMAKE_PREFIX_PATH=${CMAKE_PREFIX_PATH}:/opt/ros/humble /usr/bin/cmake --build /home/ubuntu/git/rs2/build/rs2 -- -j3 -l3
[0.186s] [ 20%] [34m[1mAutomatic MOC and UIC for target rs2[0m
[1.338s] [ 20%] Built target rs2_autogen
[1.437s] [ 40%] [32mBuilding CXX object CMakeFiles/rs2.dir/src/main.cpp.o[0m
[1.447s] [ 60%] [32mBuilding CXX object CMakeFiles/rs2.dir/rs2_autogen/mocs_compilation.cpp.o[0m
[1.473s] [ 80%] [32mBuilding CXX object CMakeFiles/rs2.dir/src/GUI/GUI.cpp.o[0m
[7.698s] [01m[K/home/ubuntu/git/rs2/src/GUI/GUI.cpp:[m[K In member function â€˜[01m[Kvoid GUI::setupStartScreen()[m[Kâ€™:
[7.699s] [01m[K/home/ubuntu/git/rs2/src/GUI/GUI.cpp:33:61:[m[K [01;31m[Kerror: [m[Kâ€˜[01m[KstartGUI[m[Kâ€™ is not a member of â€˜[01m[KGUI[m[Kâ€™
[7.700s]    33 |     connect(startButton, &QPushButton::clicked, this, &GUI::[01;31m[KstartGUI[m[K);
[7.700s]       |                                                             [01;31m[K^~~~~~~~[m[K
[7.701s] [01m[K/home/ubuntu/git/rs2/src/GUI/GUI.cpp:[m[K At global scope:
[7.701s] [01m[K/home/ubuntu/git/rs2/src/GUI/GUI.cpp:36:6:[m[K [01;31m[Kerror: [m[Kno declaration matches â€˜[01m[Kvoid GUI::startGUI()[m[Kâ€™
[7.702s]    36 | void [01;31m[KGUI[m[K::startGUI()
[7.702s]       |      [01;31m[K^~~[m[K
[7.703s] [01m[K/home/ubuntu/git/rs2/src/GUI/GUI.cpp:36:6:[m[K [01;36m[Knote: [m[Kno functions named â€˜[01m[Kvoid GUI::startGUI()[m[Kâ€™
[7.726s] In file included from [01m[K/home/ubuntu/git/rs2/src/GUI/GUI.cpp:1[m[K:
[7.727s] [01m[K/home/ubuntu/git/rs2/src/GUI/GUI.h:19:7:[m[K [01;36m[Knote: [m[Kâ€˜[01m[Kclass GUI[m[Kâ€™ defined here
[7.727s]    19 | class [01;36m[KGUI[m[K : public QWidget
[7.728s]       |       [01;36m[K^~~[m[K
[9.731s] gmake[2]: *** [CMakeFiles/rs2.dir/build.make:104: CMakeFiles/rs2.dir/src/GUI/GUI.cpp.o] Error 1
[9.735s] gmake[1]: *** [CMakeFiles/Makefile2:138: CMakeFiles/rs2.dir/all] Error 2
[9.736s] gmake: *** [Makefile:146: all] Error 2
[9.778s] Invoked command in '/home/ubuntu/git/rs2/build/rs2' returned '2': CMAKE_PREFIX_PATH=${CMAKE_PREFIX_PATH}:/opt/ros/humble /usr/bin/cmake --build /home/ubuntu/git/rs2/build/rs2 -- -j3 -l3
