[ 20%] [34m[1mAutomatic MOC and UIC for target rs2[0m
[ 20%] Built target rs2_autogen
[35m[1mConsolidate compiler generated dependencies of target rs2[0m
[ 40%] [32mBuilding CXX object CMakeFiles/rs2.dir/src/GUI/GUI.cpp.o[0m
[ 60%] [32mBuilding CXX object CMakeFiles/rs2.dir/src/main.cpp.o[0m
[ 80%] [32mBuilding CXX object CMakeFiles/rs2.dir/rs2_autogen/mocs_compilation.cpp.o[0m
[01m[K/home/ubuntu/git/rs2/src/main.cpp:[m[K In function â€˜[01m[Kint main(int, char**)[m[Kâ€™:
[01m[K/home/ubuntu/git/rs2/src/main.cpp:17:3:[m[K [01;31m[Kerror: [m[Kâ€˜[01m[KQApplication[m[Kâ€™ was not declared in this scope
   17 |   [01;31m[KQApplication[m[K app(argc, argv);
      |   [01;31m[K^~~~~~~~~~~~[m[K
[01m[K/home/ubuntu/git/rs2/src/main.cpp:20:3:[m[K [01;31m[Kerror: [m[Kâ€˜[01m[KUR3ControlGUI[m[Kâ€™ was not declared in this scope
   20 |   [01;31m[KUR3ControlGUI[m[K gui(node);
      |   [01;31m[K^~~~~~~~~~~~~[m[K
[01m[K/home/ubuntu/git/rs2/src/main.cpp:21:3:[m[K [01;31m[Kerror: [m[Kâ€˜[01m[Kgui[m[Kâ€™ was not declared in this scope
   21 |   [01;31m[Kgui[m[K.show();
      |   [01;31m[K^~~[m[K
[01m[K/home/ubuntu/git/rs2/src/main.cpp:27:16:[m[K [01;31m[Kerror: [m[Kâ€˜[01m[Kapp[m[Kâ€™ was not declared in this scope
   27 |   int result = [01;31m[Kapp[m[K.exec();
      |                [01;31m[K^~~[m[K
[01m[K/home/ubuntu/git/rs2/src/main.cpp:33:7:[m[K [01;31m[Kerror: [m[Kâ€˜[01m[KrosSpinThread[m[Kâ€™ was not declared in this scope
   33 |   if ([01;31m[KrosSpinThread[m[K.joinable()) {
      |       [01;31m[K^~~~~~~~~~~~~[m[K
gmake[2]: *** [CMakeFiles/rs2.dir/build.make:90: CMakeFiles/rs2.dir/src/main.cpp.o] Error 1
gmake[2]: *** Waiting for unfinished jobs....
[01m[K/home/ubuntu/git/rs2/src/GUI/GUI.cpp:[m[K In member function â€˜[01m[Kvoid GUI::setupUI()[m[Kâ€™:
[01m[K/home/ubuntu/git/rs2/src/GUI/GUI.cpp:152:59:[m[K [01;31m[Kerror: [m[Kâ€˜[01m[KUR3ControlGUI[m[Kâ€™ has not been declared
  152 |         connect(homeButton, &QPushButton::clicked, this, &[01;31m[KUR3ControlGUI[m[K::homePosition);
      |                                                           [01;31m[K^~~~~~~~~~~~~[m[K
[01m[K/home/ubuntu/git/rs2/src/GUI/GUI.cpp:153:59:[m[K [01;31m[Kerror: [m[Kâ€˜[01m[KUR3ControlGUI[m[Kâ€™ has not been declared
  153 |         connect(sendButton, &QPushButton::clicked, this, &[01;31m[KUR3ControlGUI[m[K::sendJointPositions);
      |                                                           [01;31m[K^~~~~~~~~~~~~[m[K
gmake[2]: *** [CMakeFiles/rs2.dir/build.make:104: CMakeFiles/rs2.dir/src/GUI/GUI.cpp.o] Error 1
gmake[1]: *** [CMakeFiles/Makefile2:138: CMakeFiles/rs2.dir/all] Error 2
gmake: *** [Makefile:146: all] Error 2
