[0.035s] Invoking command in '/home/ubuntu/git/rs2/build/rs2': CMAKE_PREFIX_PATH=/opt/ros/humble /usr/bin/cmake --build /home/ubuntu/git/rs2/build/rs2 -- -j3 -l3
[0.200s] [ 20%] [34m[1mAutomatic MOC and UIC for target rs2[0m
[0.917s] [ 20%] Built target rs2_autogen
[0.945s] [35m[1mConsolidate compiler generated dependencies of target rs2[0m
[1.019s] [ 40%] [32mBuilding CXX object CMakeFiles/rs2.dir/src/GUI/GUI.cpp.o[0m
[1.021s] [ 60%] [32mBuilding CXX object CMakeFiles/rs2.dir/src/main.cpp.o[0m
[1.021s] [ 80%] [32mBuilding CXX object CMakeFiles/rs2.dir/rs2_autogen/mocs_compilation.cpp.o[0m
[7.177s] [01m[K/home/ubuntu/git/rs2/src/main.cpp:[m[K In function â€˜[01m[Kint main(int, char**)[m[Kâ€™:
[7.178s] [01m[K/home/ubuntu/git/rs2/src/main.cpp:17:3:[m[K [01;31m[Kerror: [m[Kâ€˜[01m[KQApplication[m[Kâ€™ was not declared in this scope
[7.178s]    17 |   [01;31m[KQApplication[m[K app(argc, argv);
[7.178s]       |   [01;31m[K^~~~~~~~~~~~[m[K
[7.183s] [01m[K/home/ubuntu/git/rs2/src/main.cpp:20:3:[m[K [01;31m[Kerror: [m[Kâ€˜[01m[KUR3ControlGUI[m[Kâ€™ was not declared in this scope
[7.183s]    20 |   [01;31m[KUR3ControlGUI[m[K gui(node);
[7.183s]       |   [01;31m[K^~~~~~~~~~~~~[m[K
[7.343s] [01m[K/home/ubuntu/git/rs2/src/main.cpp:21:3:[m[K [01;31m[Kerror: [m[Kâ€˜[01m[Kgui[m[Kâ€™ was not declared in this scope
[7.344s]    21 |   [01;31m[Kgui[m[K.show();
[7.345s]       |   [01;31m[K^~~[m[K
[7.345s] [01m[K/home/ubuntu/git/rs2/src/main.cpp:27:16:[m[K [01;31m[Kerror: [m[Kâ€˜[01m[Kapp[m[Kâ€™ was not declared in this scope
[7.345s]    27 |   int result = [01;31m[Kapp[m[K.exec();
[7.345s]       |                [01;31m[K^~~[m[K
[7.345s] [01m[K/home/ubuntu/git/rs2/src/main.cpp:33:7:[m[K [01;31m[Kerror: [m[Kâ€˜[01m[KrosSpinThread[m[Kâ€™ was not declared in this scope
[7.345s]    33 |   if ([01;31m[KrosSpinThread[m[K.joinable()) {
[7.345s]       |       [01;31m[K^~~~~~~~~~~~~[m[K
[8.027s] gmake[2]: *** [CMakeFiles/rs2.dir/build.make:90: CMakeFiles/rs2.dir/src/main.cpp.o] Error 1
[8.027s] gmake[2]: *** Waiting for unfinished jobs....
[8.066s] [01m[K/home/ubuntu/git/rs2/src/GUI/GUI.cpp:[m[K In member function â€˜[01m[Kvoid GUI::setupUI()[m[Kâ€™:
[8.067s] [01m[K/home/ubuntu/git/rs2/src/GUI/GUI.cpp:152:59:[m[K [01;31m[Kerror: [m[Kâ€˜[01m[KUR3ControlGUI[m[Kâ€™ has not been declared
[8.068s]   152 |         connect(homeButton, &QPushButton::clicked, this, &[01;31m[KUR3ControlGUI[m[K::homePosition);
[8.068s]       |                                                           [01;31m[K^~~~~~~~~~~~~[m[K
[8.068s] [01m[K/home/ubuntu/git/rs2/src/GUI/GUI.cpp:153:59:[m[K [01;31m[Kerror: [m[Kâ€˜[01m[KUR3ControlGUI[m[Kâ€™ has not been declared
[8.068s]   153 |         connect(sendButton, &QPushButton::clicked, this, &[01;31m[KUR3ControlGUI[m[K::sendJointPositions);
[8.068s]       |                                                           [01;31m[K^~~~~~~~~~~~~[m[K
[10.698s] gmake[2]: *** [CMakeFiles/rs2.dir/build.make:104: CMakeFiles/rs2.dir/src/GUI/GUI.cpp.o] Error 1
[10.699s] gmake[1]: *** [CMakeFiles/Makefile2:138: CMakeFiles/rs2.dir/all] Error 2
[10.699s] gmake: *** [Makefile:146: all] Error 2
[10.723s] Invoked command in '/home/ubuntu/git/rs2/build/rs2' returned '2': CMAKE_PREFIX_PATH=/opt/ros/humble /usr/bin/cmake --build /home/ubuntu/git/rs2/build/rs2 -- -j3 -l3
