<?xml version="1.0" encoding="UTF-8"?>
<Site BuildName="(empty)"
	BuildStamp="20250322-0317-Experimental"
	Name="ubuntu-2204"
	Generator="ctest-3.22.1"
	CompilerName="/usr/bin/c++"
	CompilerVersion="11.4.0"
	OSName="Linux"
	Hostname="ubuntu-2204"
	OSRelease="6.8.0-52-generic"
	OSVersion="#53~22.04.1-Ubuntu SMP PREEMPT_DYNAMIC Wed Jan 15 19:18:46 UTC 2"
	OSPlatform="x86_64"
	Is64Bits="1"
	VendorString="AuthenticAMD"
	VendorID="Advanced Micro Devices"
	FamilyID="23"
	ModelID="96"
	ProcessorCacheSize="512"
	NumberOfLogicalCPU="3"
	NumberOfPhysicalCPU="3"
	TotalVirtualMemory="975"
	TotalPhysicalMemory="2966"
	LogicalProcessorsPerPhysical="1"
	ProcessorClockFrequency="2694.85"
	>
	<Testing>
		<StartDateTime>Mar 22 00:45 EDT</StartDateTime>
		<StartTestTime>1742618738</StartTestTime>
		<TestList/>
		<EndDateTime>Mar 22 00:45 EDT</EndDateTime>
		<EndTestTime>1742618738</EndTestTime>
		<ElapsedMinutes>0</ElapsedMinutes>
	</Testing>
</Site>
