[ 20%] [34m[1mAutomatic MOC and UIC for target rs2[0m
[ 20%] Built target rs2_autogen
[35m[1mConsolidate compiler generated dependencies of target rs2[0m
[ 40%] [32mBuilding CXX object CMakeFiles/rs2.dir/src/GUI/GUI.cpp.o[0m
[01m[K/home/ubuntu/git/rs2/src/GUI/GUI.cpp:[m[K In constructor â€˜[01m[KGUI::GUI(std::shared_ptr<rclcpp::Node>, QWidget*)[m[Kâ€™:
[01m[K/home/ubuntu/git/rs2/src/GUI/GUI.cpp:21:97:[m[K [01;31m[Kerror: [m[Kclass â€˜[01m[KGUI[m[Kâ€™ does not have any field named â€˜[01m[KdifficultySet[m[Kâ€™
   21 | estopActive(false), spacePressed(false), isHumanTurn(true), [01;31m[KdifficultySet[m[K(false)
      |                                                             [01;31m[K^~~~~~~~~~~~~[m[K

[01m[K/home/ubuntu/git/rs2/src/GUI/GUI.cpp:36:5:[m[K [01;31m[Kerror: [m[Kâ€˜[01m[Kdifficulty_pub_[m[Kâ€™ was not declared in this scope
   36 |     [01;31m[Kdifficulty_pub_[m[K = node_->create_publisher<std_msgs::msg::Int32>(
      |     [01;31m[K^~~~~~~~~~~~~~~[m[K
[01m[K/home/ubuntu/git/rs2/src/GUI/GUI.cpp:[m[K In member function â€˜[01m[Kvoid GUI::toggleTurn()[m[Kâ€™:
[01m[K/home/ubuntu/git/rs2/src/GUI/GUI.cpp:100:10:[m[K [01;31m[Kerror: [m[Kâ€˜[01m[KdifficultySet[m[Kâ€™ was not declared in this scope
  100 |     if (![01;31m[KdifficultySet[m[K) {
      |          [01;31m[K^~~~~~~~~~~~~[m[K
[01m[K/home/ubuntu/git/rs2/src/GUI/GUI.cpp:102:24:[m[K [01;31m[Kerror: [m[Kâ€˜[01m[KdifficultySlider[m[Kâ€™ was not declared in this scope
  102 |         message.data = [01;31m[KdifficultySlider[m[K->value();
      |                        [01;31m[K^~~~~~~~~~~~~~~~[m[K
[01m[K/home/ubuntu/git/rs2/src/GUI/GUI.cpp:103:9:[m[K [01;31m[Kerror: [m[Kâ€˜[01m[Kdifficulty_pub_[m[Kâ€™ was not declared in this scope
  103 |         [01;31m[Kdifficulty_pub_[m[K->publish(message);
      |         [01;31m[K^~~~~~~~~~~~~~~[m[K
[01m[K/home/ubuntu/git/rs2/src/GUI/GUI.cpp:[m[K In member function â€˜[01m[Kvoid GUI::setupUI()[m[Kâ€™:
[01m[K/home/ubuntu/git/rs2/src/GUI/GUI.cpp:192:5:[m[K [01;31m[Kerror: [m[Kâ€˜[01m[KdifficultySlider[m[Kâ€™ was not declared in this scope; did you mean â€˜[01m[KdifficultyLabel[m[Kâ€™?
  192 |     [01;31m[KdifficultySlider[m[K = new QSlider(Qt::Horizontal);
      |     [01;31m[K^~~~~~~~~~~~~~~~[m[K
      |     [32m[KdifficultyLabel[m[K
gmake[2]: *** [CMakeFiles/rs2.dir/build.make:104: CMakeFiles/rs2.dir/src/GUI/GUI.cpp.o] Error 1
gmake[1]: *** [CMakeFiles/Makefile2:138: CMakeFiles/rs2.dir/all] Error 2
gmake: *** [Makefile:146: all] Error 2
