[0.072s] Invoking command in '/home/ubuntu/git/rs2/build/rs2': CMAKE_PREFIX_PATH=${CMAKE_PREFIX_PATH}:/opt/ros/humble /usr/bin/cmake --build /home/ubuntu/git/rs2/build/rs2 -- -j3 -l3
[0.494s] [ 20%] [34m[1mAutomatic MOC and UIC for target rs2[0m
[0.711s] [ 20%] Built target rs2_autogen
[0.774s] [35m[1mConsolidate compiler generated dependencies of target rs2[0m
[0.840s] [ 40%] [32mBuilding CXX object CMakeFiles/rs2.dir/src/GUI/GUI.cpp.o[0m
[7.359s] [01m[K/home/ubuntu/git/rs2/src/GUI/GUI.cpp:[m[K In constructor â€˜[01m[KGUI::GUI(std::shared_ptr<rclcpp::Node>, QWidget*)[m[Kâ€™:
[7.364s] [01m[K/home/ubuntu/git/rs2/src/GUI/GUI.cpp:21:97:[m[K [01;31m[Kerror: [m[Kclass â€˜[01m[KGUI[m[Kâ€™ does not have any field named â€˜[01m[KdifficultySet[m[Kâ€™
[7.366s]    21 | estopActive(false), spacePressed(false), isHumanTurn(true), [01;31m[KdifficultySet[m[K(false)
[7.366s]       |                                                             [01;31m[K^~~~~~~~~~~~~[m[K
[7.367s] 
[7.385s] [01m[K/home/ubuntu/git/rs2/src/GUI/GUI.cpp:36:5:[m[K [01;31m[Kerror: [m[Kâ€˜[01m[Kdifficulty_pub_[m[Kâ€™ was not declared in this scope
[7.385s]    36 |     [01;31m[Kdifficulty_pub_[m[K = node_->create_publisher<std_msgs::msg::Int32>(
[7.385s]       |     [01;31m[K^~~~~~~~~~~~~~~[m[K
[7.409s] [01m[K/home/ubuntu/git/rs2/src/GUI/GUI.cpp:[m[K In member function â€˜[01m[Kvoid GUI::toggleTurn()[m[Kâ€™:
[7.410s] [01m[K/home/ubuntu/git/rs2/src/GUI/GUI.cpp:100:10:[m[K [01;31m[Kerror: [m[Kâ€˜[01m[KdifficultySet[m[Kâ€™ was not declared in this scope
[7.410s]   100 |     if (![01;31m[KdifficultySet[m[K) {
[7.410s]       |          [01;31m[K^~~~~~~~~~~~~[m[K
[7.425s] [01m[K/home/ubuntu/git/rs2/src/GUI/GUI.cpp:102:24:[m[K [01;31m[Kerror: [m[Kâ€˜[01m[KdifficultySlider[m[Kâ€™ was not declared in this scope
[7.425s]   102 |         message.data = [01;31m[KdifficultySlider[m[K->value();
[7.425s]       |                        [01;31m[K^~~~~~~~~~~~~~~~[m[K
[7.439s] [01m[K/home/ubuntu/git/rs2/src/GUI/GUI.cpp:103:9:[m[K [01;31m[Kerror: [m[Kâ€˜[01m[Kdifficulty_pub_[m[Kâ€™ was not declared in this scope
[7.440s]   103 |         [01;31m[Kdifficulty_pub_[m[K->publish(message);
[7.440s]       |         [01;31m[K^~~~~~~~~~~~~~~[m[K
[7.454s] [01m[K/home/ubuntu/git/rs2/src/GUI/GUI.cpp:[m[K In member function â€˜[01m[Kvoid GUI::setupUI()[m[Kâ€™:
[7.454s] [01m[K/home/ubuntu/git/rs2/src/GUI/GUI.cpp:192:5:[m[K [01;31m[Kerror: [m[Kâ€˜[01m[KdifficultySlider[m[Kâ€™ was not declared in this scope; did you mean â€˜[01m[KdifficultyLabel[m[Kâ€™?
[7.454s]   192 |     [01;31m[KdifficultySlider[m[K = new QSlider(Qt::Horizontal);
[7.454s]       |     [01;31m[K^~~~~~~~~~~~~~~~[m[K
[7.454s]       |     [32m[KdifficultyLabel[m[K
[9.523s] gmake[2]: *** [CMakeFiles/rs2.dir/build.make:104: CMakeFiles/rs2.dir/src/GUI/GUI.cpp.o] Error 1
[9.523s] gmake[1]: *** [CMakeFiles/Makefile2:138: CMakeFiles/rs2.dir/all] Error 2
[9.523s] gmake: *** [Makefile:146: all] Error 2
[9.547s] Invoked command in '/home/ubuntu/git/rs2/build/rs2' returned '2': CMAKE_PREFIX_PATH=${CMAKE_PREFIX_PATH}:/opt/ros/humble /usr/bin/cmake --build /home/ubuntu/git/rs2/build/rs2 -- -j3 -l3
