[0.057s] Invoking command in '/home/ubuntu/git/rs2/build/rs2': CMAKE_PREFIX_PATH=/opt/ros/humble /usr/bin/cmake /home/ubuntu/git/rs2 -DCMAKE_INSTALL_PREFIX=/home/ubuntu/git/rs2/install/rs2
[0.171s] -- Found ament_cmake: 1.3.11 (/opt/ros/humble/share/ament_cmake/cmake)
[0.703s] -- Found rclcpp: 16.0.11 (/opt/ros/humble/share/rclcpp/cmake)
[0.961s] -- Found rosidl_generator_c: 3.1.6 (/opt/ros/humble/share/rosidl_generator_c/cmake)
[0.980s] -- Found rosidl_adapter: 3.1.6 (/opt/ros/humble/share/rosidl_adapter/cmake)
[1.024s] -- Found rosidl_generator_cpp: 3.1.6 (/opt/ros/humble/share/rosidl_generator_cpp/cmake)
[1.078s] -- Using all available rosidl_typesupport_c: rosidl_typesupport_fastrtps_c;rosidl_typesupport_introspection_c
[1.154s] -- Using all available rosidl_typesupport_cpp: rosidl_typesupport_fastrtps_cpp;rosidl_typesupport_introspection_cpp
[1.359s] -- Found rmw_implementation_cmake: 6.1.2 (/opt/ros/humble/share/rmw_implementation_cmake/cmake)
[1.377s] -- Found rmw_fastrtps_cpp: 6.2.7 (/opt/ros/humble/share/rmw_fastrtps_cpp/cmake)
[1.721s] -- Using RMW implementation 'rmw_fastrtps_cpp' as default
[2.294s] -- Configuring done
[2.530s] -- Generating done
[2.545s] -- Build files have been written to: /home/ubuntu/git/rs2/build/rs2
[2.574s] Invoked command in '/home/ubuntu/git/rs2/build/rs2' returned '0': CMAKE_PREFIX_PATH=/opt/ros/humble /usr/bin/cmake /home/ubuntu/git/rs2 -DCMAKE_INSTALL_PREFIX=/home/ubuntu/git/rs2/install/rs2
[2.574s] Invoking command in '/home/ubuntu/git/rs2/build/rs2': CMAKE_PREFIX_PATH=/opt/ros/humble /usr/bin/cmake --build /home/ubuntu/git/rs2/build/rs2 -- -j3 -l3
[2.719s] [ 25%] [34m[1mAutomatic MOC and UIC for target rs2[0m
[2.838s] [ 25%] Built target rs2_autogen
[2.905s] [ 50%] [32mBuilding CXX object CMakeFiles/rs2.dir/rs2_autogen/mocs_compilation.cpp.o[0m
[2.916s] [ 75%] [32mBuilding CXX object CMakeFiles/rs2.dir/src/main.cpp.o[0m
[8.832s] [01m[K/home/ubuntu/git/rs2/src/main.cpp:[m[K In function â€˜[01m[Kint main(int, char**)[m[Kâ€™:
[8.832s] [01m[K/home/ubuntu/git/rs2/src/main.cpp:17:3:[m[K [01;31m[Kerror: [m[Kâ€˜[01m[KQApplication[m[Kâ€™ was not declared in this scope
[8.832s]    17 |   [01;31m[KQApplication[m[K app(argc, argv);
[8.832s]       |   [01;31m[K^~~~~~~~~~~~[m[K
[8.837s] [01m[K/home/ubuntu/git/rs2/src/main.cpp:20:3:[m[K [01;31m[Kerror: [m[Kâ€˜[01m[KUR3ControlGUI[m[Kâ€™ was not declared in this scope
[8.838s]    20 |   [01;31m[KUR3ControlGUI[m[K gui(node);
[8.838s]       |   [01;31m[K^~~~~~~~~~~~~[m[K
[8.843s] [01m[K/home/ubuntu/git/rs2/src/main.cpp:21:3:[m[K [01;31m[Kerror: [m[Kâ€˜[01m[Kgui[m[Kâ€™ was not declared in this scope
[8.843s]    21 |   [01;31m[Kgui[m[K.show();
[8.843s]       |   [01;31m[K^~~[m[K
[8.847s] [01m[K/home/ubuntu/git/rs2/src/main.cpp:27:16:[m[K [01;31m[Kerror: [m[Kâ€˜[01m[Kapp[m[Kâ€™ was not declared in this scope
[8.848s]    27 |   int result = [01;31m[Kapp[m[K.exec();
[8.848s]       |                [01;31m[K^~~[m[K
[8.858s] [01m[K/home/ubuntu/git/rs2/src/main.cpp:33:7:[m[K [01;31m[Kerror: [m[Kâ€˜[01m[KrosSpinThread[m[Kâ€™ was not declared in this scope
[8.858s]    33 |   if ([01;31m[KrosSpinThread[m[K.joinable()) {
[8.859s]       |       [01;31m[K^~~~~~~~~~~~~[m[K
[9.608s] gmake[2]: *** [CMakeFiles/rs2.dir/build.make:90: CMakeFiles/rs2.dir/src/main.cpp.o] Error 1
[9.610s] gmake[1]: *** [CMakeFiles/Makefile2:138: CMakeFiles/rs2.dir/all] Error 2
[9.610s] gmake: *** [Makefile:146: all] Error 2
[9.616s] Invoked command in '/home/ubuntu/git/rs2/build/rs2' returned '2': CMAKE_PREFIX_PATH=/opt/ros/humble /usr/bin/cmake --build /home/ubuntu/git/rs2/build/rs2 -- -j3 -l3
